<?xml version="1.0" encoding="UTF-8"?>
<testsuite name="com.sshmanager.SSHManagerTest" tests="2" skipped="0" failures="0" errors="0" timestamp="2026-03-26T11:00:26.702Z" hostname="CH4WJX3" time="0.172">
  <properties/>
  <testcase name="testDisconnectWithoutConnect()" classname="com.sshmanager.SSHManagerTest" time="0.019"/>
  <testcase name="testConnectInvalidHost()" classname="com.sshmanager.SSHManagerTest" time="0.151"/>
  <system-out><![CDATA[]]></system-out>
  <system-err><![CDATA[]]></system-err>
</testsuite>
