<?xml version="1.0" encoding="UTF-8"?>
<testsuite name="com.sshmanager.CredentialManagerTest" tests="2" skipped="0" failures="0" errors="0" timestamp="2026-03-26T11:00:26.576Z" hostname="CH4WJX3" time="0.096">
  <properties/>
  <testcase name="testCreateMasterPasswordAndCredentials()" classname="com.sshmanager.CredentialManagerTest" time="0.088"/>
  <testcase name="testFirstStartRequired()" classname="com.sshmanager.CredentialManagerTest" time="0.005"/>
  <system-out><![CDATA[]]></system-out>
  <system-err><![CDATA[]]></system-err>
</testsuite>
